[debug] [2021-11-22T21:11:17.596Z] ----------------------------------------------------------------------
[debug] [2021-11-22T21:11:17.598Z] Command:       C:\Program Files\nodejs\node.exe C:\Users\abdoa\AppData\Roaming\npm\node_modules\firebase-tools\lib\bin\firebase.js init
[debug] [2021-11-22T21:11:17.599Z] CLI Version:   9.22.0
[debug] [2021-11-22T21:11:17.599Z] Platform:      win32
[debug] [2021-11-22T21:11:17.599Z] Node Version:  v14.18.0
[debug] [2021-11-22T21:11:17.600Z] Time:          Mon Nov 22 2021 23:11:17 GMT+0200 (Eastern European Standard Time)
[debug] [2021-11-22T21:11:17.600Z] ----------------------------------------------------------------------
[debug] 
[debug] [2021-11-22T21:11:17.602Z] >>> [apiv2][query] GET https://firebase-public.firebaseio.com/cli.json [none]
[debug] [2021-11-22T21:11:17.671Z] > command requires scopes: ["email","openid","https://www.googleapis.com/auth/cloudplatformprojects.readonly","https://www.googleapis.com/auth/firebase","https://www.googleapis.com/auth/cloud-platform"]
[debug] [2021-11-22T21:11:17.671Z] > authorizing via signed-in user (abdoahmed424@gmail.com)
[info] 
     ######## #### ########  ######## ########     ###     ######  ########
     ##        ##  ##     ## ##       ##     ##  ##   ##  ##       ##
     ######    ##  ########  ######   ########  #########  ######  ######
     ##        ##  ##    ##  ##       ##     ## ##     ##       ## ##
     ##       #### ##     ## ######## ########  ##     ##  ######  ########

You're about to initialize a Firebase project in this directory:

  D:\Abdo\Web_Design\react\netflix-clone

Before we get started, keep in mind:

  * You are initializing within an existing Firebase project directory

[debug] [2021-11-22T21:11:18.600Z] <<< [apiv2][status] GET https://firebase-public.firebaseio.com/cli.json 200
[debug] [2021-11-22T21:11:18.600Z] <<< [apiv2][body] GET https://firebase-public.firebaseio.com/cli.json {"cloudBuildErrorAfter":1594252800000,"cloudBuildWarnAfter":1590019200000,"defaultNode10After":1594252800000,"minVersion":"3.0.5","node8DeploysDisabledAfter":1613390400000,"node8RuntimeDisabledAfter":1615809600000,"node8WarnAfter":1600128000000}
